[02-Oct-2012 15:49:35] Default exception handler: Sorry, there is no available data to display Debug: 
* line 435 of \lib\setuplib.php: moodle_exception thrown
* line 101 of \report\stats\locallib.php: call to print_error()
* line 87 of \report\stats\index.php: call to report_stats_report()

[02-Oct-2012 15:50:33] Default exception handler: Stats is not enabled Debug: 
* line 435 of \lib\setuplib.php: moodle_exception thrown
* line 66 of \report\stats\user.php: call to print_error()

[02-Oct-2012 20:31:18] Default exception handler: Stats is not enabled Debug: 
* line 435 of \lib\setuplib.php: moodle_exception thrown
* line 66 of \report\stats\user.php: call to print_error()

[03-Oct-2012 16:51:50] Default exception handler: Sorry, there is no available data to display Debug: 
* line 435 of \lib\setuplib.php: moodle_exception thrown
* line 101 of \report\stats\locallib.php: call to print_error()
* line 87 of \report\stats\index.php: call to report_stats_report()

[03-Oct-2012 16:51:54] Default exception handler: Sorry, there is no available data to display Debug: 
* line 435 of \lib\setuplib.php: moodle_exception thrown
* line 101 of \report\stats\locallib.php: call to print_error()
* line 87 of \report\stats\index.php: call to report_stats_report()

[03-Oct-2012 16:51:59] Default exception handler: Sorry, there is no available data to display Debug: 
* line 435 of \lib\setuplib.php: moodle_exception thrown
* line 101 of \report\stats\locallib.php: call to print_error()
* line 87 of \report\stats\index.php: call to report_stats_report()

[03-Oct-2012 20:22:24] Default exception handler: Sorry, there is no available data to display Debug: 
* line 435 of \lib\setuplib.php: moodle_exception thrown
* line 101 of \report\stats\locallib.php: call to print_error()
* line 87 of \report\stats\index.php: call to report_stats_report()

[03-Oct-2012 22:49:45] Default exception handler: Sorry, there is no available data to display Debug: 
* line 435 of \lib\setuplib.php: moodle_exception thrown
* line 101 of \report\stats\locallib.php: call to print_error()
* line 87 of \report\stats\index.php: call to report_stats_report()

[04-Oct-2012 15:47:54] Default exception handler: Stats is not enabled Debug: 
* line 435 of \lib\setuplib.php: moodle_exception thrown
* line 66 of \report\stats\user.php: call to print_error()

[04-Oct-2012 20:37:44] Default exception handler: Stats is not enabled Debug: 
* line 435 of \lib\setuplib.php: moodle_exception thrown
* line 66 of \report\stats\user.php: call to print_error()

[04-Oct-2012 20:39:19] Default exception handler: Sorry, there is no available data to display Debug: 
* line 435 of \lib\setuplib.php: moodle_exception thrown
* line 101 of \report\stats\locallib.php: call to print_error()
* line 87 of \report\stats\index.php: call to report_stats_report()

[05-Oct-2012 13:41:29] Default exception handler: Sorry, there is no available data to display Debug: 
* line 435 of \lib\setuplib.php: moodle_exception thrown
* line 101 of \report\stats\locallib.php: call to print_error()
* line 87 of \report\stats\index.php: call to report_stats_report()

[05-Oct-2012 13:41:56] Default exception handler: Sorry, there is no available data to display Debug: 
* line 435 of \lib\setuplib.php: moodle_exception thrown
* line 101 of \report\stats\locallib.php: call to print_error()
* line 87 of \report\stats\index.php: call to report_stats_report()

[05-Oct-2012 14:06:48] Default exception handler: Stats is not enabled Debug: 
* line 435 of \lib\setuplib.php: moodle_exception thrown
* line 66 of \report\stats\user.php: call to print_error()

[05-Oct-2012 16:05:44] Default exception handler: Sorry, there is no available data to display Debug: 
* line 435 of \lib\setuplib.php: moodle_exception thrown
* line 101 of \report\stats\locallib.php: call to print_error()
* line 87 of \report\stats\index.php: call to report_stats_report()

[07-Oct-2012 20:19:43] Default exception handler: Sorry, there is no available data to display Debug: 
* line 435 of \lib\setuplib.php: moodle_exception thrown
* line 101 of \report\stats\locallib.php: call to print_error()
* line 87 of \report\stats\index.php: call to report_stats_report()

[07-Oct-2012 20:38:29] Default exception handler: Sorry, there is no available data to display Debug: 
* line 435 of \lib\setuplib.php: moodle_exception thrown
* line 101 of \report\stats\locallib.php: call to print_error()
* line 87 of \report\stats\index.php: call to report_stats_report()

